<?xml version="1.0" encoding="UTF-8"?>
<!-- Generated by org.testng.reporters.JUnitReportReporter -->
<testsuite hostname="Valai" failures="0" tests="2" name="baseRunner.TestNGBaseRunner" time="26.221" errors="1" timestamp="2023-07-14T01:18:03 PDT" skipped="1">
  <testcase classname="baseRunner.TestNGBaseRunner" name="beforeSuite" time="0.000">
    <skipped/>
  </testcase> <!-- beforeSuite -->
  <testcase classname="baseRunner.TestNGBaseRunner" name="start" time="26.221">
    <error message="Unresolved compilation problems: 
	ExtentTest cannot be resolved to a type
	LogStatus cannot be resolved to a variable
	ExtentTest cannot be resolved to a type
	LogStatus cannot be resolved to a variable
	ExtentTest cannot be resolved to a type
	LogStatus cannot be resolved to a variable
" type="java.lang.Error">
      <![CDATA[java.lang.Error: Unresolved compilation problems: 
ExtentTest cannot be resolved to a type
LogStatus cannot be resolved to a variable
ExtentTest cannot be resolved to a type
LogStatus cannot be resolved to a variable
ExtentTest cannot be resolved to a type
LogStatus cannot be resolved to a variable

at common.ExtentReport.testStep(ExtentReport.java:17)
at common.PrintUtils.logMessage(PrintUtils.java:12)
at common.SeleniumGenerics.enterText(SeleniumGenerics.java:68)
at pages.LoginPage.enterEmail(LoginPage.java:29)
at baseRunner.TestNGBaseRunner.start(TestNGBaseRunner.java:64)
at java.base/jdk.internal.reflect.NativeMethodAccessorImpl.invoke0(Native Method)
at java.base/jdk.internal.reflect.NativeMethodAccessorImpl.invoke(NativeMethodAccessorImpl.java:77)
at java.base/jdk.internal.reflect.DelegatingMethodAccessorImpl.invoke(DelegatingMethodAccessorImpl.java:43)
at java.base/java.lang.reflect.Method.invoke(Method.java:568)
at org.testng.internal.invokers.MethodInvocationHelper.invokeMethod(MethodInvocationHelper.java:139)
at org.testng.internal.invokers.MethodInvocationHelper.invokeMethodConsideringTimeout(MethodInvocationHelper.java:69)
at org.testng.internal.invokers.ConfigInvoker.invokeConfigurationMethod(ConfigInvoker.java:390)
at org.testng.internal.invokers.ConfigInvoker.invokeConfigurations(ConfigInvoker.java:325)
at org.testng.TestRunner.invokeTestConfigurations(TestRunner.java:663)
at org.testng.TestRunner.beforeRun(TestRunner.java:652)
at org.testng.TestRunner.run(TestRunner.java:614)
at org.testng.SuiteRunner.runTest(SuiteRunner.java:443)
at org.testng.SuiteRunner.runSequentially(SuiteRunner.java:437)
at org.testng.SuiteRunner.privateRun(SuiteRunner.java:397)
at org.testng.SuiteRunner.run(SuiteRunner.java:336)
at org.testng.SuiteRunnerWorker.runSuite(SuiteRunnerWorker.java:52)
at org.testng.SuiteRunnerWorker.run(SuiteRunnerWorker.java:95)
at org.testng.TestNG.runSuitesSequentially(TestNG.java:1280)
at org.testng.TestNG.runSuitesLocally(TestNG.java:1200)
at org.testng.TestNG.runSuites(TestNG.java:1114)
at org.testng.TestNG.run(TestNG.java:1082)
at org.testng.remote.AbstractRemoteTestNG.run(AbstractRemoteTestNG.java:115)
at org.testng.remote.RemoteTestNG.initAndRun(RemoteTestNG.java:251)
at org.testng.remote.RemoteTestNG.main(RemoteTestNG.java:77)
]]>
    </error>
    <system-out>
      <![CDATA[Entered text ::Balamurugan@gmail.com]]>
    </system-out>
  </testcase> <!-- start -->
  <system-out>
    <![CDATA[Entered text ::Balamurugan@gmail.com]]>
  </system-out>
</testsuite> <!-- baseRunner.TestNGBaseRunner -->
